INFO:  ANSI Code Page: 1252
INFO:  latexindent.exe version 3.24.2, 2024-06-15, a script to indent .tex files
       latexindent.exe lives here: C:/texlive/2024/bin/windows/
       Sun Oct 20 13:45:28 2024
       Filename: c:/Users/willf/OneDrive/Telecom/2024-2025/CSC_51052_EP/TP/Project/Report/doc/__latexindent_temp_abstract.tex
INFO:  Processing switches:
       -y|--yaml: YAML settings specified via command line
       -c|--cruft: cruft directory
INFO:  Directory for backup files and log file c:\Users\willf\OneDrive\Telecom\2024-2025\CSC_51052_EP\TP\Project\Report\indent.log:
       c:\Users\willf\OneDrive\Telecom\2024-2025\CSC_51052_EP\TP\Project\Report\
INFO:  YAML settings read: defaultSettings.yaml
       Reading defaultSettings.yaml from C:/texlive/2024/bin/windows/defaultSettings.yaml
       Reading defaultSettings.yaml (2nd attempt) from C:/texlive/2024/bin/windows/../../texmf-dist/scripts/latexindent/defaultSettings.yaml
       and then, if necessary, C:/texlive/2024/bin/windows/LatexIndent/defaultSettings.yaml
INFO:  YAML reading settings
       Home directory is C:\Users\willf
       latexindent.pl didn't find indentconfig.yaml or .indentconfig.yaml
       see all possible locations: https://latexindentpl.readthedocs.io/en/latest/sec-appendices.html#indentconfig-options)
INFO:  YAML settings read: -y switch
       YAML setting: defaultIndent:'    '
       single-quoted string found in -y switch: '    ', substitute to     
       Updating mainSettings with defaultIndent:     
INFO:  Phase 1: searching for objects
INFO:  Phase 2: finding surrounding indentation
INFO:  Phase 3: indenting objects
INFO:  Phase 4: final indentation check
INFO:  Output routine:
       Not outputting to file; see -w and -o switches for more options.
       --------------
INFO:  Please direct all communication/issues to:
        https://github.com/cmhughes/latexindent.pl
